/*C1051*/SET SCHEMA PUBLIC
drop table student if exists
create table student (id integer not null, email varchar(255), first_name varchar(255), last_name varchar(255), phone_number varchar(255), primary key (id))
INSERT INTO STUDENT VALUES(1234,'jacksl29@gmail.com','Larry','Jackson','4567891239')
INSERT INTO STUDENT VALUES(525,'subba@gmail.com','Subba','uppalapati','6143026982')
INSERT INTO STUDENT VALUES(245,'lakshya@gmail.com','Lakshya','Reddy','258469714547')
INSERT INTO STUDENT VALUES(711,'Likhil@gmail.com','Likhil','Reddy','856974123')
INSERT INTO STUDENT VALUES(614,'januyedla@gmail.com','Janu','Yedla','987564123')
COMMIT
INSERT INTO STUDENT VALUES(42334,'rameshsivuni@gmail.com','Ramesh','SIvuni','53454354354')
COMMIT
DELETE FROM STUDENT WHERE ID=1234
COMMIT
DISCONNECT
/*C1050*/SET SCHEMA PUBLIC
DISCONNECT
/*C1049*/SET SCHEMA PUBLIC
DISCONNECT
/*C1048*/SET SCHEMA PUBLIC
DISCONNECT
/*C1047*/SET SCHEMA PUBLIC
DISCONNECT
/*C1046*/SET SCHEMA PUBLIC
DISCONNECT
/*C1045*/SET SCHEMA PUBLIC
DISCONNECT
/*C1044*/SET SCHEMA PUBLIC
DISCONNECT
/*C1043*/SET SCHEMA PUBLIC
DISCONNECT
/*C1042*/SET SCHEMA PUBLIC
DISCONNECT
/*C1061*/SET SCHEMA PUBLIC
drop table student if exists
create table student (id integer not null, email varchar(255), first_name varchar(255), last_name varchar(255), phone_number varchar(255), primary key (id))
INSERT INTO STUDENT VALUES(1234,'jacksl29@gmail.com','Larry','Jackson','4567891239')
INSERT INTO STUDENT VALUES(525,'subba@gmail.com','Subba','uppalapati','6143026982')
INSERT INTO STUDENT VALUES(245,'lakshya@gmail.com','Lakshya','Reddy','258469714547')
INSERT INTO STUDENT VALUES(711,'Likhil@gmail.com','Likhil','Reddy','856974123')
INSERT INTO STUDENT VALUES(614,'januyedla@gmail.com','Janu','Yedla','987564123')
COMMIT
DISCONNECT
/*C1060*/SET SCHEMA PUBLIC
DISCONNECT
/*C1059*/SET SCHEMA PUBLIC
DISCONNECT
/*C1058*/SET SCHEMA PUBLIC
DISCONNECT
/*C1057*/SET SCHEMA PUBLIC
DISCONNECT
/*C1056*/SET SCHEMA PUBLIC
DISCONNECT
/*C1055*/SET SCHEMA PUBLIC
DISCONNECT
/*C1054*/SET SCHEMA PUBLIC
DISCONNECT
/*C1053*/SET SCHEMA PUBLIC
DISCONNECT
/*C1052*/SET SCHEMA PUBLIC
DISCONNECT
/*C1071*/SET SCHEMA PUBLIC
drop table student if exists
create table student (id integer not null, email varchar(255), first_name varchar(255), last_name varchar(255), phone_number varchar(255), primary key (id))
INSERT INTO STUDENT VALUES(1234,'jacksl29@gmail.com','Larry','Jackson','4567891239')
INSERT INTO STUDENT VALUES(525,'subba@gmail.com','Subba','uppalapati','6143026982')
INSERT INTO STUDENT VALUES(245,'lakshya@gmail.com','Lakshya','Reddy','258469714547')
INSERT INTO STUDENT VALUES(711,'Likhil@gmail.com','Likhil','Reddy','856974123')
INSERT INTO STUDENT VALUES(614,'januyedla@gmail.com','Janu','Yedla','987564123')
COMMIT
DISCONNECT
/*C1070*/SET SCHEMA PUBLIC
DISCONNECT
/*C1069*/SET SCHEMA PUBLIC
DISCONNECT
/*C1068*/SET SCHEMA PUBLIC
DISCONNECT
/*C1067*/SET SCHEMA PUBLIC
DISCONNECT
/*C1066*/SET SCHEMA PUBLIC
DISCONNECT
/*C1065*/SET SCHEMA PUBLIC
DISCONNECT
/*C1064*/SET SCHEMA PUBLIC
DISCONNECT
/*C1063*/SET SCHEMA PUBLIC
DISCONNECT
/*C1062*/SET SCHEMA PUBLIC
DISCONNECT
/*C1081*/SET SCHEMA PUBLIC
drop table student if exists
create table student (id integer not null, email varchar(255), first_name varchar(255), last_name varchar(255), phone_number varchar(255), primary key (id))
INSERT INTO STUDENT VALUES(1234,'jacksl29@gmail.com','Larry','Jackson','4567891239')
INSERT INTO STUDENT VALUES(525,'subba@gmail.com','Subba','uppalapati','6143026982')
INSERT INTO STUDENT VALUES(245,'lakshya@gmail.com','Lakshya','Reddy','258469714547')
INSERT INTO STUDENT VALUES(711,'Likhil@gmail.com','Likhil','Reddy','856974123')
INSERT INTO STUDENT VALUES(614,'januyedla@gmail.com','Janu','Yedla','987564123')
COMMIT
DISCONNECT
/*C1080*/SET SCHEMA PUBLIC
DISCONNECT
/*C1079*/SET SCHEMA PUBLIC
DISCONNECT
/*C1078*/SET SCHEMA PUBLIC
DISCONNECT
/*C1077*/SET SCHEMA PUBLIC
DISCONNECT
/*C1076*/SET SCHEMA PUBLIC
DISCONNECT
/*C1075*/SET SCHEMA PUBLIC
DISCONNECT
/*C1074*/SET SCHEMA PUBLIC
DISCONNECT
/*C1073*/SET SCHEMA PUBLIC
DISCONNECT
/*C1072*/SET SCHEMA PUBLIC
DISCONNECT
/*C1091*/SET SCHEMA PUBLIC
drop table student if exists
create table student (id integer not null, email varchar(255), first_name varchar(255), last_name varchar(255), phone_number varchar(255), primary key (id))
INSERT INTO STUDENT VALUES(1234,'jacksl29@gmail.com','Larry','Jackson','4567891239')
INSERT INTO STUDENT VALUES(525,'subba@gmail.com','Subba','uppalapati','6143026982')
INSERT INTO STUDENT VALUES(245,'lakshya@gmail.com','Lakshya','Reddy','258469714547')
INSERT INTO STUDENT VALUES(711,'Likhil@gmail.com','Likhil','Reddy','856974123')
INSERT INTO STUDENT VALUES(614,'januyedla@gmail.com','Janu','Yedla','987564123')
COMMIT
DISCONNECT
/*C1090*/SET SCHEMA PUBLIC
DISCONNECT
/*C1089*/SET SCHEMA PUBLIC
DISCONNECT
/*C1088*/SET SCHEMA PUBLIC
DISCONNECT
/*C1087*/SET SCHEMA PUBLIC
DISCONNECT
/*C1086*/SET SCHEMA PUBLIC
DISCONNECT
/*C1085*/SET SCHEMA PUBLIC
DISCONNECT
/*C1084*/SET SCHEMA PUBLIC
DISCONNECT
/*C1083*/SET SCHEMA PUBLIC
DISCONNECT
/*C1082*/SET SCHEMA PUBLIC
DISCONNECT
/*C1101*/SET SCHEMA PUBLIC
drop table student if exists
create table student (id integer not null, email varchar(255), first_name varchar(255), last_name varchar(255), phone_number varchar(255), primary key (id))
INSERT INTO STUDENT VALUES(1234,'jacksl29@gmail.com','Larry','Jackson','4567891239')
INSERT INTO STUDENT VALUES(525,'subba@gmail.com','Subba','uppalapati','6143026982')
INSERT INTO STUDENT VALUES(245,'lakshya@gmail.com','Lakshya','Reddy','258469714547')
INSERT INTO STUDENT VALUES(711,'Likhil@gmail.com','Likhil','Reddy','856974123')
INSERT INTO STUDENT VALUES(614,'januyedla@gmail.com','Janu','Yedla','987564123')
COMMIT
DISCONNECT
/*C1100*/SET SCHEMA PUBLIC
DISCONNECT
/*C1099*/SET SCHEMA PUBLIC
DISCONNECT
/*C1098*/SET SCHEMA PUBLIC
DISCONNECT
/*C1097*/SET SCHEMA PUBLIC
DISCONNECT
/*C1096*/SET SCHEMA PUBLIC
DISCONNECT
/*C1095*/SET SCHEMA PUBLIC
DISCONNECT
/*C1094*/SET SCHEMA PUBLIC
DISCONNECT
/*C1093*/SET SCHEMA PUBLIC
DISCONNECT
/*C1092*/SET SCHEMA PUBLIC
DISCONNECT
